# JRE version: Java(TM) SE Runtime Environment (8.0_161-b12) (build 1.8.0_161-b12)
# Java VM: Java HotSpot(TM) 64-Bit Server VM (25.161-b12 mixed mode bsd-amd64 compressed oops)
Heap:
 PSYoungGen      total 419840K, used 145340K [0x0000000795580000, 0x00000007b2180000, 0x00000007c0000000)
  eden space 384000K, 37% used [0x0000000795580000,0x000000079e36f098,0x00000007acc80000)
  from space 35840K, 0% used [0x00000007afe80000,0x00000007afe80000,0x00000007b2180000)
  to   space 43520K, 0% used [0x00000007acc80000,0x00000007acc80000,0x00000007af700000)
 ParOldGen       total 145920K, used 50432K [0x0000000740000000, 0x0000000748e80000, 0x0000000795580000)
  object space 145920K, 34% used [0x0000000740000000,0x0000000743140308,0x0000000748e80000)
 Metaspace       used 52305K, capacity 53236K, committed 53632K, reserved 1095680K
  class space    used 6220K, capacity 6445K, committed 6528K, reserved 1048576K
GC Heap History (10 events):
Event: 6.440 GC heap before
{Heap before GC invocations=11 (full 2):
 PSYoungGen      total 235520K, used 25580K [0x0000000795580000, 0x00000007ac300000, 0x00000007c0000000)
  eden space 209920K, 0% used [0x0000000795580000,0x0000000795580000,0x00000007a2280000)
  from space 25600K, 99% used [0x00000007a2280000,0x00000007a3b7b1d0,0x00000007a3b80000)
  to   space 36864K, 0% used [0x00000007a9f00000,0x00000007a9f00000,0x00000007ac300000)
 ParOldGen       total 61440K, used 51198K [0x0000000740000000, 0x0000000743c00000, 0x0000000795580000)
  object space 61440K, 83% used [0x0000000740000000,0x00000007431ffb28,0x0000000743c00000)
 Metaspace       used 29393K, capacity 30088K, committed 30336K, reserved 1075200K
  class space    used 3485K, capacity 3690K, committed 3712K, reserved 1048576K
Event: 6.548 GC heap after
Heap after GC invocations=11 (full 2):
 PSYoungGen      total 235520K, used 0K [0x0000000795580000, 0x00000007ac300000, 0x00000007c0000000)
  eden space 209920K, 0% used [0x0000000795580000,0x0000000795580000,0x00000007a2280000)
  from space 25600K, 0% used [0x00000007a2280000,0x00000007a2280000,0x00000007a3b80000)
  to   space 36864K, 0% used [0x00000007a9f00000,0x00000007a9f00000,0x00000007ac300000)
 ParOldGen       total 136704K, used 57322K [0x0000000740000000, 0x0000000748580000, 0x0000000795580000)
  object space 136704K, 41% used [0x0000000740000000,0x00000007437faa88,0x0000000748580000)
 Metaspace       used 29378K, capacity 30070K, committed 30336K, reserved 1075200K
  class space    used 3483K, capacity 3688K, committed 3712K, reserved 1048576K
}
Event: 7.378 GC heap before
{Heap before GC invocations=12 (full 2):
 PSYoungGen      total 235520K, used 209920K [0x0000000795580000, 0x00000007ac300000, 0x00000007c0000000)
  eden space 209920K, 100% used [0x0000000795580000,0x00000007a2280000,0x00000007a2280000)
  from space 25600K, 0% used [0x00000007a2280000,0x00000007a2280000,0x00000007a3b80000)
  to   space 36864K, 0% used [0x00000007a9f00000,0x00000007a9f00000,0x00000007ac300000)
 ParOldGen       total 136704K, used 57322K [0x0000000740000000, 0x0000000748580000, 0x0000000795580000)
  object space 136704K, 41% used [0x0000000740000000,0x00000007437faa88,0x0000000748580000)
 Metaspace       used 29380K, capacity 30070K, committed 30336K, reserved 1075200K
  class space    used 3483K, capacity 3688K, committed 3712K, reserved 1048576K
Event: 7.410 GC heap after
Heap after GC invocations=12 (full 2):
 PSYoungGen      total 321024K, used 34008K [0x0000000795580000, 0x00000007ac080000, 0x00000007c0000000)
  eden space 286720K, 0% used [0x0000000795580000,0x0000000795580000,0x00000007a6d80000)
  from space 34304K, 99% used [0x00000007a9f00000,0x00000007ac0362f0,0x00000007ac080000)
  to   space 41984K, 0% used [0x00000007a6e80000,0x00000007a6e80000,0x00000007a9780000)
 ParOldGen       total 136704K, used 57322K [0x0000000740000000, 0x0000000748580000, 0x0000000795580000)
  object space 136704K, 41% used [0x0000000740000000,0x00000007437faa88,0x0000000748580000)
 Metaspace       used 29380K, capacity 30070K, committed 30336K, reserved 1075200K
  class space    used 3483K, capacity 3688K, committed 3712K, reserved 1048576K
}
Event: 9.403 GC heap before
{Heap before GC invocations=13 (full 2):
 PSYoungGen      total 321024K, used 320728K [0x0000000795580000, 0x00000007ac080000, 0x00000007c0000000)
  eden space 286720K, 100% used [0x0000000795580000,0x00000007a6d80000,0x00000007a6d80000)
  from space 34304K, 99% used [0x00000007a9f00000,0x00000007ac0362f0,0x00000007ac080000)
  to   space 41984K, 0% used [0x00000007a6e80000,0x00000007a6e80000,0x00000007a9780000)
 ParOldGen       total 136704K, used 57322K [0x0000000740000000, 0x0000000748580000, 0x0000000795580000)
  object space 136704K, 41% used [0x0000000740000000,0x00000007437faa88,0x0000000748580000)
 Metaspace       used 40082K, capacity 40844K, committed 41216K, reserved 1085440K
  class space    used 4821K, capacity 5035K, committed 5120K, reserved 1048576K
Event: 9.454 GC heap after
Heap after GC invocations=13 (full 2):
 PSYoungGen      total 329728K, used 34877K [0x0000000795580000, 0x00000007b2b80000, 0x00000007c0000000)
  eden space 287744K, 0% used [0x0000000795580000,0x0000000795580000,0x00000007a6e80000)
  from space 41984K, 83% used [0x00000007a6e80000,0x00000007a908f690,0x00000007a9780000)
  to   space 46080K, 0% used [0x00000007afe80000,0x00000007afe80000,0x00000007b2b80000)
 ParOldGen       total 136704K, used 61496K [0x0000000740000000, 0x0000000748580000, 0x0000000795580000)
  object space 136704K, 44% used [0x0000000740000000,0x0000000743c0e0c8,0x0000000748580000)
 Metaspace       used 40082K, capacity 40844K, committed 41216K, reserved 1085440K
  class space    used 4821K, capacity 5035K, committed 5120K, reserved 1048576K
}
Event: 11.788 GC heap before
{Heap before GC invocations=14 (full 2):
 PSYoungGen      total 329728K, used 271274K [0x0000000795580000, 0x00000007b2b80000, 0x00000007c0000000)
  eden space 287744K, 82% used [0x0000000795580000,0x00000007a3c5b458,0x00000007a6e80000)
  from space 41984K, 83% used [0x00000007a6e80000,0x00000007a908f690,0x00000007a9780000)
  to   space 46080K, 0% used [0x00000007afe80000,0x00000007afe80000,0x00000007b2b80000)
 ParOldGen       total 136704K, used 61496K [0x0000000740000000, 0x0000000748580000, 0x0000000795580000)
  object space 136704K, 44% used [0x0000000740000000,0x0000000743c0e0c8,0x0000000748580000)
 Metaspace       used 49382K, capacity 50268K, committed 50560K, reserved 1093632K
  class space    used 5881K, capacity 6119K, committed 6144K, reserved 1048576K
Event: 11.818 GC heap after
Heap after GC invocations=14 (full 2):
 PSYoungGen      total 419840K, used 15747K [0x0000000795580000, 0x00000007b2180000, 0x00000007c0000000)
  eden space 384000K, 0% used [0x0000000795580000,0x0000000795580000,0x00000007acc80000)
  from space 35840K, 43% used [0x00000007afe80000,0x00000007b0de0e70,0x00000007b2180000)
  to   space 43520K, 0% used [0x00000007acc80000,0x00000007acc80000,0x00000007af700000)
 ParOldGen       total 136704K, used 69045K [0x0000000740000000, 0x0000000748580000, 0x0000000795580000)
  object space 136704K, 50% used [0x0000000740000000,0x000000074436d548,0x0000000748580000)
 Metaspace       used 49382K, capacity 50268K, committed 50560K, reserved 1093632K
  class space    used 5881K, capacity 6119K, committed 6144K, reserved 1048576K
}
Event: 11.818 GC heap before
{Heap before GC invocations=15 (full 3):
 PSYoungGen      total 419840K, used 15747K [0x0000000795580000, 0x00000007b2180000, 0x00000007c0000000)
  eden space 384000K, 0% used [0x0000000795580000,0x0000000795580000,0x00000007acc80000)
  from space 35840K, 43% used [0x00000007afe80000,0x00000007b0de0e70,0x00000007b2180000)
  to   space 43520K, 0% used [0x00000007acc80000,0x00000007acc80000,0x00000007af700000)
 ParOldGen       total 136704K, used 69045K [0x0000000740000000, 0x0000000748580000, 0x0000000795580000)
  object space 136704K, 50% used [0x0000000740000000,0x000000074436d548,0x0000000748580000)
 Metaspace       used 49382K, capacity 50268K, committed 50560K, reserved 1093632K
  class space    used 5881K, capacity 6119K, committed 6144K, reserved 1048576K
Event: 11.979 GC heap after
Heap after GC invocations=15 (full 3):
 PSYoungGen      total 419840K, used 0K [0x0000000795580000, 0x00000007b2180000, 0x00000007c0000000)
  eden space 384000K, 0% used [0x0000000795580000,0x0000000795580000,0x00000007acc80000)
  from space 35840K, 0% used [0x00000007afe80000,0x00000007afe80000,0x00000007b2180000)
  to   space 43520K, 0% used [0x00000007acc80000,0x00000007acc80000,0x00000007af700000)
 ParOldGen       total 145920K, used 50432K [0x0000000740000000, 0x0000000748e80000, 0x0000000795580000)
  object space 145920K, 34% used [0x0000000740000000,0x0000000743140308,0x0000000748e80000)
 Metaspace       used 49382K, capacity 50268K, committed 50560K, reserved 1093632K
  class space    used 5881K, capacity 6119K, committed 6144K, reserved 1048576K
}

